<?xml version="1.0" encoding="UTF-8"?>
<!-- Generated by org.testng.reporters.JUnitReportReporter -->
<testsuite hostname="DESKTOP-NLBR2BS" failures="0" tests="1" name="clase3.RegistroEjemplo" time="20.839" errors="0" timestamp="2024-01-22T20:57:31 CLST" skipped="0">
  <testcase classname="clase3.RegistroEjemplo" name="registrationTest" time="20.839"/>
</testsuite> <!-- clase3.RegistroEjemplo -->
