<?xml version="1.0" encoding="UTF-8"?>
<!-- Generated by org.testng.reporters.JUnitReportReporter -->
<testsuite hostname="DESKTOP-NLBR2BS" failures="0" tests="3" name="clase3.Anotaciones" time="0.000" errors="0" timestamp="2024-01-22T19:54:28 CLST" skipped="3">
  <testcase classname="clase3.Anotaciones" name="thirdtTest" time="0.000">
    <skipped/>
  </testcase> <!-- thirdtTest -->
  <testcase classname="clase3.Anotaciones" name="secondTest" time="0.000">
    <skipped/>
  </testcase> <!-- secondTest -->
  <testcase classname="clase3.Anotaciones" name="firstTest" time="0.000">
    <skipped/>
  </testcase> <!-- firstTest -->
</testsuite> <!-- clase3.Anotaciones -->
