<?xml version="1.0" encoding="UTF-8"?>
<!-- Generated by org.testng.reporters.JUnitReportReporter -->
<testsuite hostname="DESKTOP-NLBR2BS" failures="0" tests="2" name="clase3.Tres_Uno" time="34.557" errors="0" timestamp="2024-01-27T11:49:38 CLST" skipped="0">
  <testcase classname="clase3.Tres_Uno" name="invalidRegistrationTest" time="14.504"/>
  <testcase classname="clase3.Tres_Uno" name="registrationTest" time="20.053"/>
</testsuite> <!-- clase3.Tres_Uno -->
